<?xml version="1.0" encoding="UTF-8"?>
<testsuites>
  <testsuite name="kushki\Kushk\Kushki\KushkiPayment\tests\lib\unit\PaymentControllerKushkiTest" file="/Users/patricio/Documents/kushki/repositories/kushki-magento/Kushki/Kushki/KushkiPayment/tests/unit/PaymentControllerKushkiTest.php" tests="3" assertions="3" errors="0" failures="0" skipped="0" time="0.002549">
    <testcase name="testGetTaxDetails" class="kushki\Kushk\Kushki\KushkiPayment\tests\lib\unit\PaymentControllerKushkiTest" file="/Users/patricio/Documents/kushki/repositories/kushki-magento/Kushki/Kushki/KushkiPayment/tests/unit/PaymentControllerKushkiTest.php" line="30" assertions="1" time="0.001904"/>
    <testcase name="testGetProducts" class="kushki\Kushk\Kushki\KushkiPayment\tests\lib\unit\PaymentControllerKushkiTest" file="/Users/patricio/Documents/kushki/repositories/kushki-magento/Kushki/Kushki/KushkiPayment/tests/unit/PaymentControllerKushkiTest.php" line="38" assertions="1" time="0.000327"/>
    <testcase name="testGetTaxAmount" class="kushki\Kushk\Kushki\KushkiPayment\tests\lib\unit\PaymentControllerKushkiTest" file="/Users/patricio/Documents/kushki/repositories/kushki-magento/Kushki/Kushki/KushkiPayment/tests/unit/PaymentControllerKushkiTest.php" line="46" assertions="1" time="0.000318"/>
  </testsuite>
</testsuites>
